Performing C SOURCE FILE Test WERROR_C_AVAILABLE failed with the following output:
Change Dir: C:/Users/Brad/source/repos/cs4540_sp2020_g09/CMakeFiles/CMakeTmp

Run Build Command(s):C:/Program Files (x86)/Microsoft Visual Studio/2019/Community/MSBuild/Current/Bin/MSBuild.exe cmTC_b6411.vcxproj /p:Configuration=Debug /p:Platform=x64 /p:VisualStudioVersion=16.0 /v:m && Microsoft (R) Build Engine version 16.4.0+e901037fe for .NET Framework
Copyright (C) Microsoft Corporation. All rights reserved.

  Microsoft (R) C/C++ Optimizing Compiler Version 19.24.28315 for x64
  Copyright (C) Microsoft Corporation.  All rights reserved.
  cl /c /Zi /W3 /WX- /diagnostics:column /Od /Ob0 /D WIN32 /D _WINDOWS /D WERROR_C_AVAILABLE /D "CMAKE_INTDIR=\"Debug\"" /D _MBCS /Gm- /RTC1 /MDd /GS /fp:precise /Zc:wchar_t /Zc:forScope /Zc:inline /Fo"cmTC_b6411.dir\Debug\\" /Fd"cmTC_b6411.dir\Debug\vc142.pdb" /Gd /TC /errorReport:queue  -Werror=format-security -Werror=implicit-function-declaration C:\Users\Brad\source\repos\cs4540_sp2020_g09\CMakeFiles\CMakeTmp\src.c
cl : command line error D8021: invalid numeric argument '/Werror=format-security' [C:\Users\Brad\source\repos\cs4540_sp2020_g09\CMakeFiles\CMakeTmp\cmTC_b6411.vcxproj]


Source file was:
int main(void) { return 0; }
Performing C++ SOURCE FILE Test WERROR_CXX_AVAILABLE failed with the following output:
Change Dir: C:/Users/Brad/source/repos/cs4540_sp2020_g09/CMakeFiles/CMakeTmp

Run Build Command(s):C:/Program Files (x86)/Microsoft Visual Studio/2019/Community/MSBuild/Current/Bin/MSBuild.exe cmTC_205b0.vcxproj /p:Configuration=Debug /p:Platform=x64 /p:VisualStudioVersion=16.0 /v:m && Microsoft (R) Build Engine version 16.4.0+e901037fe for .NET Framework
Copyright (C) Microsoft Corporation. All rights reserved.

  Microsoft (R) C/C++ Optimizing Compiler Version 19.24.28315 for x64
  Copyright (C) Microsoft Corporation.  All rights reserved.
  cl /c /Zi /W3 /WX- /diagnostics:column /Od /Ob0 /D WIN32 /D _WINDOWS /D WERROR_CXX_AVAILABLE /D "CMAKE_INTDIR=\"Debug\"" /D _MBCS /Gm- /EHsc /RTC1 /MDd /GS /fp:precise /Zc:wchar_t /Zc:forScope /Zc:inline /GR /Fo"cmTC_205b0.dir\Debug\\" /Fd"cmTC_205b0.dir\Debug\vc142.pdb" /Gd /TP /errorReport:queue  -Werror=format-security C:\Users\Brad\source\repos\cs4540_sp2020_g09\CMakeFiles\CMakeTmp\src.cxx
cl : command line error D8021: invalid numeric argument '/Werror=format-security' [C:\Users\Brad\source\repos\cs4540_sp2020_g09\CMakeFiles\CMakeTmp\cmTC_205b0.vcxproj]


Source file was:
int main() { return 0; }
